<?xml version="1.0" encoding="UTF-8"?>
<!-- Generated by org.testng.reporters.JUnitXMLReporter -->
<testsuite hostname="DESKTOP-GI36MBF" ignored="0" name="Default test" tests="5" failures="0" timestamp="26 Sep 2020 16:02:02 GMT" time="10.308" errors="0">
  <testcase name="test01" time="8.621" classname="com.functionaltesting.TestExecution"/>
  <testcase name="test02" time="1.656" classname="com.functionaltesting.TestExecution"/>
  <testcase name="test03" time="0.0" classname="com.functionaltesting.TestExecution"/>
  <testcase name="test04" time="0.001" classname="com.functionaltesting.TestExecution"/>
  <testcase name="test05" time="0.001" classname="com.functionaltesting.TestExecution"/>
</testsuite> <!-- Default test -->
