<?xml version="1.0" encoding="UTF-8"?>
<testng-results skipped="0" failed="0" ignored="0" total="5" passed="5">
  <reporter-output>
  </reporter-output>
  <suite name="Default suite" duration-ms="10308" started-at="2020-09-26T16:01:52Z" finished-at="2020-09-26T16:02:02Z">
    <groups>
    </groups>
    <test name="Default test" duration-ms="10308" started-at="2020-09-26T16:01:52Z" finished-at="2020-09-26T16:02:02Z">
      <class name="com.functionaltesting.TestExecution">
        <test-method status="PASS" signature="test01()[pri:0, instance:com.functionaltesting.TestExecution@4c9f8c13]" name="test01" duration-ms="8621" started-at="2020-09-26T16:01:52Z" finished-at="2020-09-26T16:02:00Z">
          <reporter-output>
          </reporter-output>
        </test-method> <!-- test01 -->
        <test-method status="PASS" signature="test02()[pri:0, instance:com.functionaltesting.TestExecution@4c9f8c13]" name="test02" duration-ms="1656" started-at="2020-09-26T16:02:00Z" finished-at="2020-09-26T16:02:02Z">
          <reporter-output>
          </reporter-output>
        </test-method> <!-- test02 -->
        <test-method status="PASS" signature="test03()[pri:0, instance:com.functionaltesting.TestExecution@4c9f8c13]" name="test03" duration-ms="0" started-at="2020-09-26T16:02:02Z" finished-at="2020-09-26T16:02:02Z">
          <reporter-output>
          </reporter-output>
        </test-method> <!-- test03 -->
        <test-method status="PASS" signature="test04()[pri:0, instance:com.functionaltesting.TestExecution@4c9f8c13]" name="test04" duration-ms="1" started-at="2020-09-26T16:02:02Z" finished-at="2020-09-26T16:02:02Z">
          <reporter-output>
          </reporter-output>
        </test-method> <!-- test04 -->
        <test-method status="PASS" signature="test05()[pri:0, instance:com.functionaltesting.TestExecution@4c9f8c13]" name="test05" duration-ms="1" started-at="2020-09-26T16:02:02Z" finished-at="2020-09-26T16:02:02Z">
          <reporter-output>
          </reporter-output>
        </test-method> <!-- test05 -->
      </class> <!-- com.functionaltesting.TestExecution -->
    </test> <!-- Default test -->
  </suite> <!-- Default suite -->
</testng-results>
